[INFO] [2016-11-20 22:08:45][org.springframework.web.servlet.DispatcherServlet]FrameworkServlet 'SpringMVC': initialization started
[INFO] [2016-11-20 22:08:45][org.springframework.web.context.support.XmlWebApplicationContext]Refreshing WebApplicationContext for namespace 'SpringMVC-servlet': startup date [Sun Nov 20 22:08:45 CST 2016]; root of context hierarchy
[INFO] [2016-11-20 22:08:45][org.springframework.beans.factory.xml.XmlBeanDefinitionReader]Loading XML bean definitions from class path resource [configs/spring/spring-mvc.xml]
[INFO] [2016-11-20 22:08:45][org.springframework.beans.factory.annotation.AutowiredAnnotationBeanPostProcessor]JSR-330 'javax.inject.Inject' annotation found and supported for autowiring
[INFO] [2016-11-20 22:08:45][org.springframework.web.servlet.mvc.method.annotation.RequestMappingHandlerMapping]Mapped "{[/user/test],methods=[GET],params=[],headers=[],consumes=[],produces=[],custom=[]}" onto public java.lang.String com.westear.ssm.controller.UserController.test(javax.servlet.http.HttpServletRequest,org.springframework.ui.Model)
[INFO] [2016-11-20 22:08:45][org.springframework.web.servlet.mvc.method.annotation.RequestMappingHandlerAdapter]Looking for @ControllerAdvice: WebApplicationContext for namespace 'SpringMVC-servlet': startup date [Sun Nov 20 22:08:45 CST 2016]; root of context hierarchy
[INFO] [2016-11-20 22:08:45][org.springframework.web.servlet.mvc.method.annotation.RequestMappingHandlerAdapter]Looking for @ControllerAdvice: WebApplicationContext for namespace 'SpringMVC-servlet': startup date [Sun Nov 20 22:08:45 CST 2016]; root of context hierarchy
[INFO] [2016-11-20 22:08:45][org.springframework.web.servlet.handler.SimpleUrlHandlerMapping]Mapped URL path [/resources] onto handler 'org.springframework.web.servlet.resource.ResourceHttpRequestHandler#0'
[INFO] [2016-11-20 22:08:45][org.springframework.web.servlet.DispatcherServlet]FrameworkServlet 'SpringMVC': initialization completed in 612 ms
[INFO] [2016-11-20 22:10:27][org.springframework.web.servlet.DispatcherServlet]FrameworkServlet 'SpringMVC': initialization started
[INFO] [2016-11-20 22:10:27][org.springframework.web.context.support.XmlWebApplicationContext]Refreshing WebApplicationContext for namespace 'SpringMVC-servlet': startup date [Sun Nov 20 22:10:27 CST 2016]; root of context hierarchy
[INFO] [2016-11-20 22:10:27][org.springframework.beans.factory.xml.XmlBeanDefinitionReader]Loading XML bean definitions from class path resource [configs/spring/spring-mvc.xml]
[INFO] [2016-11-20 22:10:28][org.springframework.beans.factory.annotation.AutowiredAnnotationBeanPostProcessor]JSR-330 'javax.inject.Inject' annotation found and supported for autowiring
[INFO] [2016-11-20 22:10:28][org.springframework.web.servlet.mvc.method.annotation.RequestMappingHandlerMapping]Mapped "{[/user/test],methods=[GET],params=[],headers=[],consumes=[],produces=[],custom=[]}" onto public java.lang.String com.westear.ssm.controller.UserController.test(javax.servlet.http.HttpServletRequest,org.springframework.ui.Model)
[INFO] [2016-11-20 22:10:28][org.springframework.web.servlet.mvc.method.annotation.RequestMappingHandlerAdapter]Looking for @ControllerAdvice: WebApplicationContext for namespace 'SpringMVC-servlet': startup date [Sun Nov 20 22:10:27 CST 2016]; root of context hierarchy
[INFO] [2016-11-20 22:10:28][org.springframework.web.servlet.mvc.method.annotation.RequestMappingHandlerAdapter]Looking for @ControllerAdvice: WebApplicationContext for namespace 'SpringMVC-servlet': startup date [Sun Nov 20 22:10:27 CST 2016]; root of context hierarchy
[INFO] [2016-11-20 22:10:28][org.springframework.web.servlet.handler.SimpleUrlHandlerMapping]Mapped URL path [/resources] onto handler 'org.springframework.web.servlet.resource.ResourceHttpRequestHandler#0'
[INFO] [2016-11-20 22:10:28][org.springframework.web.servlet.DispatcherServlet]FrameworkServlet 'SpringMVC': initialization completed in 783 ms
[WARN] [2016-11-20 22:11:49][org.springframework.web.servlet.PageNotFound]No mapping found for HTTP request with URI [/user] in DispatcherServlet with name 'SpringMVC'
[WARN] [2016-11-20 22:11:50][org.springframework.web.servlet.PageNotFound]No mapping found for HTTP request with URI [/favicon.ico] in DispatcherServlet with name 'SpringMVC'
[INFO] [2016-11-26 16:30:11][org.springframework.web.context.ContextLoader]Root WebApplicationContext: initialization started
[INFO] [2016-11-26 16:30:11][org.springframework.web.context.support.XmlWebApplicationContext]Refreshing Root WebApplicationContext: startup date [Sat Nov 26 16:30:11 CST 2016]; root of context hierarchy
[INFO] [2016-11-26 16:30:11][org.springframework.beans.factory.xml.XmlBeanDefinitionReader]Loading XML bean definitions from file [E:\MavenWorkspace\ssm-demo\target\classes\configs\spring\applicationContext.xml]
[INFO] [2016-11-26 16:30:11][org.springframework.beans.factory.annotation.AutowiredAnnotationBeanPostProcessor]JSR-330 'javax.inject.Inject' annotation found and supported for autowiring
[INFO] [2016-11-26 16:30:11][org.springframework.web.context.ContextLoader]Root WebApplicationContext: initialization completed in 404 ms
[INFO] [2016-11-26 16:30:11][org.springframework.web.servlet.DispatcherServlet]FrameworkServlet 'mvc-dispatcher': initialization started
[INFO] [2016-11-26 16:30:11][org.springframework.web.context.support.XmlWebApplicationContext]Refreshing WebApplicationContext for namespace 'mvc-dispatcher-servlet': startup date [Sat Nov 26 16:30:11 CST 2016]; parent: Root WebApplicationContext
[INFO] [2016-11-26 16:30:11][org.springframework.beans.factory.xml.XmlBeanDefinitionReader]Loading XML bean definitions from class path resource [configs/spring/mvc-dispatcher-servlet.xml]
[INFO] [2016-11-26 16:30:11][org.springframework.beans.factory.annotation.AutowiredAnnotationBeanPostProcessor]JSR-330 'javax.inject.Inject' annotation found and supported for autowiring
[INFO] [2016-11-26 16:30:12][org.springframework.web.servlet.mvc.method.annotation.RequestMappingHandlerAdapter]Looking for @ControllerAdvice: WebApplicationContext for namespace 'mvc-dispatcher-servlet': startup date [Sat Nov 26 16:30:11 CST 2016]; parent: Root WebApplicationContext
[INFO] [2016-11-26 16:30:12][org.springframework.web.servlet.mvc.method.annotation.RequestMappingHandlerAdapter]Looking for @ControllerAdvice: WebApplicationContext for namespace 'mvc-dispatcher-servlet': startup date [Sat Nov 26 16:30:11 CST 2016]; parent: Root WebApplicationContext
[INFO] [2016-11-26 16:30:12][org.springframework.web.servlet.handler.SimpleUrlHandlerMapping]Mapped URL path [/resources] onto handler 'org.springframework.web.servlet.resource.ResourceHttpRequestHandler#0'
[INFO] [2016-11-26 16:30:12][org.springframework.web.servlet.DispatcherServlet]FrameworkServlet 'mvc-dispatcher': initialization completed in 1003 ms
[INFO] [2016-11-26 16:30:39][org.springframework.web.context.ContextLoader]Root WebApplicationContext: initialization started
[INFO] [2016-11-26 16:30:39][org.springframework.web.context.support.XmlWebApplicationContext]Refreshing Root WebApplicationContext: startup date [Sat Nov 26 16:30:39 CST 2016]; root of context hierarchy
[INFO] [2016-11-26 16:30:39][org.springframework.beans.factory.xml.XmlBeanDefinitionReader]Loading XML bean definitions from file [E:\MavenWorkspace\ssm-demo\target\classes\configs\spring\applicationContext.xml]
[INFO] [2016-11-26 16:30:39][org.springframework.beans.factory.annotation.AutowiredAnnotationBeanPostProcessor]JSR-330 'javax.inject.Inject' annotation found and supported for autowiring
[INFO] [2016-11-26 16:30:39][org.springframework.web.context.ContextLoader]Root WebApplicationContext: initialization completed in 210 ms
[INFO] [2016-11-26 16:30:39][org.springframework.web.servlet.DispatcherServlet]FrameworkServlet 'mvc-dispatcher': initialization started
[INFO] [2016-11-26 16:30:39][org.springframework.web.context.support.XmlWebApplicationContext]Refreshing WebApplicationContext for namespace 'mvc-dispatcher-servlet': startup date [Sat Nov 26 16:30:39 CST 2016]; parent: Root WebApplicationContext
[INFO] [2016-11-26 16:30:39][org.springframework.beans.factory.xml.XmlBeanDefinitionReader]Loading XML bean definitions from class path resource [configs/spring/mvc-dispatcher-servlet.xml]
[INFO] [2016-11-26 16:30:40][org.springframework.beans.factory.annotation.AutowiredAnnotationBeanPostProcessor]JSR-330 'javax.inject.Inject' annotation found and supported for autowiring
[INFO] [2016-11-26 16:30:40][org.springframework.web.servlet.mvc.method.annotation.RequestMappingHandlerAdapter]Looking for @ControllerAdvice: WebApplicationContext for namespace 'mvc-dispatcher-servlet': startup date [Sat Nov 26 16:30:39 CST 2016]; parent: Root WebApplicationContext
[INFO] [2016-11-26 16:30:40][org.springframework.web.servlet.mvc.method.annotation.RequestMappingHandlerAdapter]Looking for @ControllerAdvice: WebApplicationContext for namespace 'mvc-dispatcher-servlet': startup date [Sat Nov 26 16:30:39 CST 2016]; parent: Root WebApplicationContext
[INFO] [2016-11-26 16:30:40][org.springframework.web.servlet.handler.SimpleUrlHandlerMapping]Mapped URL path [/resources] onto handler 'org.springframework.web.servlet.resource.ResourceHttpRequestHandler#0'
[INFO] [2016-11-26 16:30:40][org.springframework.web.servlet.DispatcherServlet]FrameworkServlet 'mvc-dispatcher': initialization completed in 540 ms
[INFO] [2016-11-26 16:45:19][org.springframework.web.context.support.XmlWebApplicationContext]Closing WebApplicationContext for namespace 'mvc-dispatcher-servlet': startup date [Sat Nov 26 16:30:39 CST 2016]; parent: Root WebApplicationContext
[INFO] [2016-11-26 16:45:19][org.springframework.web.context.support.XmlWebApplicationContext]Closing Root WebApplicationContext: startup date [Sat Nov 26 16:30:39 CST 2016]; root of context hierarchy
[INFO] [2016-11-26 16:45:20][org.springframework.web.context.ContextLoader]Root WebApplicationContext: initialization started
[INFO] [2016-11-26 16:45:21][org.springframework.web.context.support.XmlWebApplicationContext]Refreshing Root WebApplicationContext: startup date [Sat Nov 26 16:45:21 CST 2016]; root of context hierarchy
[INFO] [2016-11-26 16:45:21][org.springframework.beans.factory.xml.XmlBeanDefinitionReader]Loading XML bean definitions from file [E:\MavenWorkspace\ssm-demo\target\classes\configs\spring\applicationContext.xml]
[INFO] [2016-11-26 16:45:21][org.springframework.beans.factory.annotation.AutowiredAnnotationBeanPostProcessor]JSR-330 'javax.inject.Inject' annotation found and supported for autowiring
[INFO] [2016-11-26 16:45:21][org.springframework.web.context.ContextLoader]Root WebApplicationContext: initialization completed in 405 ms
[INFO] [2016-11-26 16:45:21][org.springframework.web.servlet.DispatcherServlet]FrameworkServlet 'mvc-dispatcher': initialization started
[INFO] [2016-11-26 16:45:21][org.springframework.web.context.support.XmlWebApplicationContext]Refreshing WebApplicationContext for namespace 'mvc-dispatcher-servlet': startup date [Sat Nov 26 16:45:21 CST 2016]; parent: Root WebApplicationContext
[INFO] [2016-11-26 16:45:21][org.springframework.beans.factory.xml.XmlBeanDefinitionReader]Loading XML bean definitions from class path resource [configs/spring/mvc-dispatcher-servlet.xml]
[INFO] [2016-11-26 16:45:21][org.springframework.beans.factory.annotation.AutowiredAnnotationBeanPostProcessor]JSR-330 'javax.inject.Inject' annotation found and supported for autowiring
[INFO] [2016-11-26 16:45:21][org.springframework.web.servlet.mvc.method.annotation.RequestMappingHandlerAdapter]Looking for @ControllerAdvice: WebApplicationContext for namespace 'mvc-dispatcher-servlet': startup date [Sat Nov 26 16:45:21 CST 2016]; parent: Root WebApplicationContext
[INFO] [2016-11-26 16:45:21][org.springframework.web.servlet.mvc.method.annotation.RequestMappingHandlerAdapter]Looking for @ControllerAdvice: WebApplicationContext for namespace 'mvc-dispatcher-servlet': startup date [Sat Nov 26 16:45:21 CST 2016]; parent: Root WebApplicationContext
[INFO] [2016-11-26 16:45:21][org.springframework.web.servlet.handler.SimpleUrlHandlerMapping]Mapped URL path [/resources] onto handler 'org.springframework.web.servlet.resource.ResourceHttpRequestHandler#0'
[INFO] [2016-11-26 16:45:21][org.springframework.web.servlet.DispatcherServlet]FrameworkServlet 'mvc-dispatcher': initialization completed in 520 ms
[INFO] [2016-11-26 16:47:58][org.springframework.web.context.ContextLoader]Root WebApplicationContext: initialization started
[INFO] [2016-11-26 16:47:58][org.springframework.web.context.support.XmlWebApplicationContext]Refreshing Root WebApplicationContext: startup date [Sat Nov 26 16:47:58 CST 2016]; root of context hierarchy
[INFO] [2016-11-26 16:47:58][org.springframework.beans.factory.xml.XmlBeanDefinitionReader]Loading XML bean definitions from file [E:\MavenWorkspace\ssm-demo\target\classes\configs\spring\applicationContext.xml]
[INFO] [2016-11-26 16:47:58][org.springframework.beans.factory.annotation.AutowiredAnnotationBeanPostProcessor]JSR-330 'javax.inject.Inject' annotation found and supported for autowiring
[INFO] [2016-11-26 16:47:58][org.springframework.web.context.ContextLoader]Root WebApplicationContext: initialization completed in 210 ms
[INFO] [2016-11-26 16:47:58][org.springframework.web.servlet.DispatcherServlet]FrameworkServlet 'mvc-dispatcher': initialization started
[INFO] [2016-11-26 16:47:58][org.springframework.web.context.support.XmlWebApplicationContext]Refreshing WebApplicationContext for namespace 'mvc-dispatcher-servlet': startup date [Sat Nov 26 16:47:58 CST 2016]; parent: Root WebApplicationContext
[INFO] [2016-11-26 16:47:58][org.springframework.beans.factory.xml.XmlBeanDefinitionReader]Loading XML bean definitions from class path resource [configs/spring/mvc-dispatcher-servlet.xml]
[INFO] [2016-11-26 16:47:58][org.springframework.beans.factory.annotation.AutowiredAnnotationBeanPostProcessor]JSR-330 'javax.inject.Inject' annotation found and supported for autowiring
[INFO] [2016-11-26 16:47:58][org.springframework.web.servlet.mvc.method.annotation.RequestMappingHandlerAdapter]Looking for @ControllerAdvice: WebApplicationContext for namespace 'mvc-dispatcher-servlet': startup date [Sat Nov 26 16:47:58 CST 2016]; parent: Root WebApplicationContext
[INFO] [2016-11-26 16:47:58][org.springframework.web.servlet.mvc.method.annotation.RequestMappingHandlerAdapter]Looking for @ControllerAdvice: WebApplicationContext for namespace 'mvc-dispatcher-servlet': startup date [Sat Nov 26 16:47:58 CST 2016]; parent: Root WebApplicationContext
[INFO] [2016-11-26 16:47:59][org.springframework.web.servlet.handler.SimpleUrlHandlerMapping]Mapped URL path [/resources] onto handler 'org.springframework.web.servlet.resource.ResourceHttpRequestHandler#0'
[INFO] [2016-11-26 16:47:59][org.springframework.web.servlet.DispatcherServlet]FrameworkServlet 'mvc-dispatcher': initialization completed in 608 ms
[INFO] [2016-11-26 16:48:00][org.springframework.web.context.support.XmlWebApplicationContext]Closing WebApplicationContext for namespace 'mvc-dispatcher-servlet': startup date [Sat Nov 26 16:45:21 CST 2016]; parent: Root WebApplicationContext
[INFO] [2016-11-26 16:48:00][org.springframework.web.context.support.XmlWebApplicationContext]Closing Root WebApplicationContext: startup date [Sat Nov 26 16:45:21 CST 2016]; root of context hierarchy
[INFO] [2016-11-26 16:48:01][org.springframework.web.context.ContextLoader]Root WebApplicationContext: initialization started
[INFO] [2016-11-26 16:48:01][org.springframework.web.context.support.XmlWebApplicationContext]Refreshing Root WebApplicationContext: startup date [Sat Nov 26 16:48:01 CST 2016]; root of context hierarchy
[INFO] [2016-11-26 16:48:01][org.springframework.beans.factory.xml.XmlBeanDefinitionReader]Loading XML bean definitions from file [E:\MavenWorkspace\ssm-demo\target\classes\configs\spring\applicationContext.xml]
[INFO] [2016-11-26 16:48:01][org.springframework.beans.factory.annotation.AutowiredAnnotationBeanPostProcessor]JSR-330 'javax.inject.Inject' annotation found and supported for autowiring
[INFO] [2016-11-26 16:48:01][org.springframework.web.context.ContextLoader]Root WebApplicationContext: initialization completed in 137 ms
[INFO] [2016-11-26 16:48:01][org.springframework.web.servlet.DispatcherServlet]FrameworkServlet 'mvc-dispatcher': initialization started
[INFO] [2016-11-26 16:48:01][org.springframework.web.context.support.XmlWebApplicationContext]Refreshing WebApplicationContext for namespace 'mvc-dispatcher-servlet': startup date [Sat Nov 26 16:48:01 CST 2016]; parent: Root WebApplicationContext
[INFO] [2016-11-26 16:48:01][org.springframework.beans.factory.xml.XmlBeanDefinitionReader]Loading XML bean definitions from class path resource [configs/spring/mvc-dispatcher-servlet.xml]
[INFO] [2016-11-26 16:48:01][org.springframework.beans.factory.annotation.AutowiredAnnotationBeanPostProcessor]JSR-330 'javax.inject.Inject' annotation found and supported for autowiring
[INFO] [2016-11-26 16:48:01][org.springframework.web.servlet.mvc.method.annotation.RequestMappingHandlerAdapter]Looking for @ControllerAdvice: WebApplicationContext for namespace 'mvc-dispatcher-servlet': startup date [Sat Nov 26 16:48:01 CST 2016]; parent: Root WebApplicationContext
[INFO] [2016-11-26 16:48:01][org.springframework.web.servlet.mvc.method.annotation.RequestMappingHandlerAdapter]Looking for @ControllerAdvice: WebApplicationContext for namespace 'mvc-dispatcher-servlet': startup date [Sat Nov 26 16:48:01 CST 2016]; parent: Root WebApplicationContext
[INFO] [2016-11-26 16:48:01][org.springframework.web.servlet.handler.SimpleUrlHandlerMapping]Mapped URL path [/resources] onto handler 'org.springframework.web.servlet.resource.ResourceHttpRequestHandler#0'
[INFO] [2016-11-26 16:48:01][org.springframework.web.servlet.DispatcherServlet]FrameworkServlet 'mvc-dispatcher': initialization completed in 467 ms
